expr: syntax error: missing argument after 'length'
../src/main.py:201: UserWarning: constrained_layout not applied because axes sizes collapsed to zero.  Try making figure larger or axes decorations smaller.
  plt.savefig("../images/mean_fitness.pdf")
../src/main.py:201: UserWarning: constrained_layout not applied because axes sizes collapsed to zero.  Try making figure larger or axes decorations smaller.
  plt.savefig("../images/mean_fitness.pdf")
./run_server.sh: line 8: Initial: command not found
solved for mu=: 0.05
../src/main.py:201: UserWarning: constrained_layout not applied because axes sizes collapsed to zero.  Try making figure larger or axes decorations smaller.
  plt.savefig("../images/mean_fitness.pdf")
../src/main.py:201: UserWarning: constrained_layout not applied because axes sizes collapsed to zero.  Try making figure larger or axes decorations smaller.
  plt.savefig("../images/mean_fitness.pdf")
./run_server.sh: line 8: Initial: command not found
solved for mu=: 0.10
../src/main.py:201: UserWarning: constrained_layout not applied because axes sizes collapsed to zero.  Try making figure larger or axes decorations smaller.
  plt.savefig("../images/mean_fitness.pdf")
../src/main.py:201: UserWarning: constrained_layout not applied because axes sizes collapsed to zero.  Try making figure larger or axes decorations smaller.
  plt.savefig("../images/mean_fitness.pdf")
./run_server.sh: line 8: Initial: command not found
solved for mu=: 0.15
../src/main.py:201: UserWarning: constrained_layout not applied because axes sizes collapsed to zero.  Try making figure larger or axes decorations smaller.
  plt.savefig("../images/mean_fitness.pdf")
../src/main.py:201: UserWarning: constrained_layout not applied because axes sizes collapsed to zero.  Try making figure larger or axes decorations smaller.
  plt.savefig("../images/mean_fitness.pdf")
./run_server.sh: line 8: Initial: command not found
solved for mu=: 0.20
../src/main.py:201: UserWarning: constrained_layout not applied because axes sizes collapsed to zero.  Try making figure larger or axes decorations smaller.
  plt.savefig("../images/mean_fitness.pdf")
../src/main.py:201: UserWarning: constrained_layout not applied because axes sizes collapsed to zero.  Try making figure larger or axes decorations smaller.
  plt.savefig("../images/mean_fitness.pdf")
./run_server.sh: line 8: Initial: command not found
solved for mu=: 0.25
../src/main.py:201: UserWarning: constrained_layout not applied because axes sizes collapsed to zero.  Try making figure larger or axes decorations smaller.
  plt.savefig("../images/mean_fitness.pdf")
../src/main.py:201: UserWarning: constrained_layout not applied because axes sizes collapsed to zero.  Try making figure larger or axes decorations smaller.
  plt.savefig("../images/mean_fitness.pdf")
./run_server.sh: line 8: Initial: command not found
solved for mu=: 0.30
../src/main.py:201: UserWarning: constrained_layout not applied because axes sizes collapsed to zero.  Try making figure larger or axes decorations smaller.
  plt.savefig("../images/mean_fitness.pdf")
../src/main.py:201: UserWarning: constrained_layout not applied because axes sizes collapsed to zero.  Try making figure larger or axes decorations smaller.
  plt.savefig("../images/mean_fitness.pdf")
./run_server.sh: line 8: Initial: command not found
solved for mu=: 0.35
../src/main.py:201: UserWarning: constrained_layout not applied because axes sizes collapsed to zero.  Try making figure larger or axes decorations smaller.
  plt.savefig("../images/mean_fitness.pdf")
../src/main.py:201: UserWarning: constrained_layout not applied because axes sizes collapsed to zero.  Try making figure larger or axes decorations smaller.
  plt.savefig("../images/mean_fitness.pdf")
./run_server.sh: line 8: Initial: command not found
solved for mu=: 0.40
../src/main.py:201: UserWarning: constrained_layout not applied because axes sizes collapsed to zero.  Try making figure larger or axes decorations smaller.
  plt.savefig("../images/mean_fitness.pdf")
../src/main.py:201: UserWarning: constrained_layout not applied because axes sizes collapsed to zero.  Try making figure larger or axes decorations smaller.
  plt.savefig("../images/mean_fitness.pdf")
./run_server.sh: line 8: Initial: command not found
solved for mu=: 0.45
../src/main.py:201: UserWarning: constrained_layout not applied because axes sizes collapsed to zero.  Try making figure larger or axes decorations smaller.
  plt.savefig("../images/mean_fitness.pdf")
../src/main.py:201: UserWarning: constrained_layout not applied because axes sizes collapsed to zero.  Try making figure larger or axes decorations smaller.
  plt.savefig("../images/mean_fitness.pdf")
./run_server.sh: line 8: Initial: command not found
solved for mu=: 0.50
../src/main.py:201: UserWarning: constrained_layout not applied because axes sizes collapsed to zero.  Try making figure larger or axes decorations smaller.
  plt.savefig("../images/mean_fitness.pdf")
../src/main.py:201: UserWarning: constrained_layout not applied because axes sizes collapsed to zero.  Try making figure larger or axes decorations smaller.
  plt.savefig("../images/mean_fitness.pdf")
./run_server.sh: line 8: Initial: command not found
solved for mu=: 0.55
../src/main.py:201: UserWarning: constrained_layout not applied because axes sizes collapsed to zero.  Try making figure larger or axes decorations smaller.
  plt.savefig("../images/mean_fitness.pdf")
../src/main.py:201: UserWarning: constrained_layout not applied because axes sizes collapsed to zero.  Try making figure larger or axes decorations smaller.
  plt.savefig("../images/mean_fitness.pdf")
./run_server.sh: line 8: Initial: command not found
solved for mu=: 0.60
../src/main.py:201: UserWarning: constrained_layout not applied because axes sizes collapsed to zero.  Try making figure larger or axes decorations smaller.
  plt.savefig("../images/mean_fitness.pdf")
../src/main.py:201: UserWarning: constrained_layout not applied because axes sizes collapsed to zero.  Try making figure larger or axes decorations smaller.
  plt.savefig("../images/mean_fitness.pdf")
./run_server.sh: line 8: Initial: command not found
solved for mu=: 0.65
../src/main.py:201: UserWarning: constrained_layout not applied because axes sizes collapsed to zero.  Try making figure larger or axes decorations smaller.
  plt.savefig("../images/mean_fitness.pdf")
../src/main.py:201: UserWarning: constrained_layout not applied because axes sizes collapsed to zero.  Try making figure larger or axes decorations smaller.
  plt.savefig("../images/mean_fitness.pdf")
./run_server.sh: line 8: Initial: command not found
solved for mu=: 0.70
../src/main.py:201: UserWarning: constrained_layout not applied because axes sizes collapsed to zero.  Try making figure larger or axes decorations smaller.
  plt.savefig("../images/mean_fitness.pdf")
../src/main.py:201: UserWarning: constrained_layout not applied because axes sizes collapsed to zero.  Try making figure larger or axes decorations smaller.
  plt.savefig("../images/mean_fitness.pdf")
./run_server.sh: line 8: Initial: command not found
solved for mu=: 0.75
../src/main.py:201: UserWarning: constrained_layout not applied because axes sizes collapsed to zero.  Try making figure larger or axes decorations smaller.
  plt.savefig("../images/mean_fitness.pdf")
../src/main.py:201: UserWarning: constrained_layout not applied because axes sizes collapsed to zero.  Try making figure larger or axes decorations smaller.
  plt.savefig("../images/mean_fitness.pdf")
./run_server.sh: line 8: Initial: command not found
solved for mu=: 0.80
../src/main.py:201: UserWarning: constrained_layout not applied because axes sizes collapsed to zero.  Try making figure larger or axes decorations smaller.
  plt.savefig("../images/mean_fitness.pdf")
../src/main.py:201: UserWarning: constrained_layout not applied because axes sizes collapsed to zero.  Try making figure larger or axes decorations smaller.
  plt.savefig("../images/mean_fitness.pdf")
./run_server.sh: line 8: Initial: command not found
solved for mu=: 0.85
../src/main.py:201: UserWarning: constrained_layout not applied because axes sizes collapsed to zero.  Try making figure larger or axes decorations smaller.
  plt.savefig("../images/mean_fitness.pdf")
../src/main.py:201: UserWarning: constrained_layout not applied because axes sizes collapsed to zero.  Try making figure larger or axes decorations smaller.
  plt.savefig("../images/mean_fitness.pdf")
./run_server.sh: line 8: Initial: command not found
solved for mu=: 0.90
../src/main.py:201: UserWarning: constrained_layout not applied because axes sizes collapsed to zero.  Try making figure larger or axes decorations smaller.
  plt.savefig("../images/mean_fitness.pdf")
../src/main.py:201: UserWarning: constrained_layout not applied because axes sizes collapsed to zero.  Try making figure larger or axes decorations smaller.
  plt.savefig("../images/mean_fitness.pdf")
./run_server.sh: line 8: Initial: command not found
solved for mu=: 0.95
